[    0.000000] Initializing cgroup subsys cpuset
[    0.000000] Initializing cgroup subsys cpu
[    0.000000] Initializing cgroup subsys cpuacct
[    0.000000] Linux version 4.4.0-124-generic (buildd@lcy01-amd64-028) (gcc version 5.4.0 20160609 (Ubuntu 5.4.0-6ubuntu1~16.04.9) ) #148-Ubuntu SMP Wed May 2 13:00:18 UTC 2018 (Ubuntu 4.4.0-124.148-generic 4.4.117)
[    0.000000] Command line: BOOT_IMAGE=/boot/vmlinuz-4.4.0-124-generic root=UUID=bca2de6e-f774-4203-ae05-e8deeb05f64a ro console=tty1 console=ttyS0
[    0.000000] KERNEL supported cpus:
[    0.000000]   Intel GenuineIntel
[    0.000000]   AMD AuthenticAMD
[    0.000000]   Centaur CentaurHauls
[    0.000000] x86/fpu: xstate_offset[2]:  576, xstate_sizes[2]:  256
[    0.000000] x86/fpu: Supporting XSAVE feature 0x01: 'x87 floating point registers'
[    0.000000] x86/fpu: Supporting XSAVE feature 0x02: 'SSE registers'
[    0.000000] x86/fpu: Supporting XSAVE feature 0x04: 'AVX registers'
[    0.000000] x86/fpu: Enabled xstate features 0x7, context size is 832 bytes, using 'standard' format.
[    0.000000] x86/fpu: Using 'lazy' FPU context switches.
[    0.000000] e820: BIOS-provided physical RAM map:
[    0.000000] BIOS-e820: [mem 0x0000000000000000-0x000000000009fbff] usable
[    0.000000] BIOS-e820: [mem 0x000000000009fc00-0x000000000009ffff] reserved
[    0.000000] BIOS-e820: [mem 0x00000000000f0000-0x00000000000fffff] reserved
[    0.000000] BIOS-e820: [mem 0x0000000000100000-0x000000003ffeffff] usable
[    0.000000] BIOS-e820: [mem 0x000000003fff0000-0x000000003fffffff] ACPI data
[    0.000000] BIOS-e820: [mem 0x00000000fec00000-0x00000000fec00fff] reserved
[    0.000000] BIOS-e820: [mem 0x00000000fee00000-0x00000000fee00fff] reserved
[    0.000000] BIOS-e820: [mem 0x00000000fffc0000-0x00000000ffffffff] reserved
[    0.000000] NX (Execute Disable) protection: active
[    0.000000] SMBIOS 2.5 present.
[    0.000000] Hypervisor detected: KVM
[    0.000000] e820: last_pfn = 0x3fff0 max_arch_pfn = 0x400000000
[    0.000000] MTRR: Disabled
[    0.000000] x86/PAT: MTRRs disabled, skipping PAT initialization too.
[    0.000000] CPU MTRRs all blank - virtualized system.
[    0.000000] x86/PAT: Configuration [0-7]: WB  WT  UC- UC  WB  WT  UC- UC  
[    0.000000] found SMP MP-table at [mem 0x0009fff0-0x0009ffff] mapped at [ffff88000009fff0]
[    0.000000] Scanning 1 areas for low memory corruption
[    0.000000] RAMDISK: [mem 0x361f6000-0x370f2fff]
[    0.000000] ACPI: Early table checksum verification disabled
[    0.000000] ACPI: RSDP 0x00000000000E0000 000024 (v02 VBOX  )
[    0.000000] ACPI: XSDT 0x000000003FFF0030 00003C (v01 VBOX   VBOXXSDT 00000001 ASL  00000061)
[    0.000000] ACPI: FACP 0x000000003FFF00F0 0000F4 (v04 VBOX   VBOXFACP 00000001 ASL  00000061)
[    0.000000] ACPI: DSDT 0x000000003FFF0470 0021FF (v02 VBOX   VBOXBIOS 00000002 INTL 20100528)
[    0.000000] ACPI: FACS 0x000000003FFF0200 000040
[    0.000000] ACPI: FACS 0x000000003FFF0200 000040
[    0.000000] ACPI: APIC 0x000000003FFF0240 00005C (v02 VBOX   VBOXAPIC 00000001 ASL  00000061)
[    0.000000] ACPI: SSDT 0x000000003FFF02A0 0001CC (v01 VBOX   VBOXCPUT 00000002 INTL 20100528)
[    0.000000] No NUMA configuration found
[    0.000000] Faking a node at [mem 0x0000000000000000-0x000000003ffeffff]
[    0.000000] NODE_DATA(0) allocated [mem 0x3ffeb000-0x3ffeffff]
[    0.000000] kvm-clock: Using msrs 4b564d01 and 4b564d00
[    0.000000] kvm-clock: cpu 0, msr 0:3ffe3001, primary cpu clock
[    0.000000] kvm-clock: using sched offset of 22953257138 cycles
[    0.000000] clocksource: kvm-clock: mask: 0xffffffffffffffff max_cycles: 0x1cd42e4dffb, max_idle_ns: 881590591483 ns
[    0.000000] Zone ranges:
[    0.000000]   DMA      [mem 0x0000000000001000-0x0000000000ffffff]
[    0.000000]   DMA32    [mem 0x0000000001000000-0x000000003ffeffff]
[    0.000000]   Normal   empty
[    0.000000]   Device   empty
[    0.000000] Movable zone start for each node
[    0.000000] Early memory node ranges
[    0.000000]   node   0: [mem 0x0000000000001000-0x000000000009efff]
[    0.000000]   node   0: [mem 0x0000000000100000-0x000000003ffeffff]
[    0.000000] Initmem setup node 0 [mem 0x0000000000001000-0x000000003ffeffff]
[    0.000000] ACPI: PM-Timer IO Port: 0x4008
[    0.000000] IOAPIC[0]: apic_id 2, version 32, address 0xfec00000, GSI 0-23
[    0.000000] ACPI: INT_SRC_OVR (bus 0 bus_irq 0 global_irq 2 dfl dfl)
[    0.000000] ACPI: INT_SRC_OVR (bus 0 bus_irq 9 global_irq 9 low level)
[    0.000000] Using ACPI (MADT) for SMP configuration information
[    0.000000] smpboot: Allowing 2 CPUs, 0 hotplug CPUs
[    0.000000] PM: Registered nosave memory: [mem 0x00000000-0x00000fff]
[    0.000000] PM: Registered nosave memory: [mem 0x0009f000-0x0009ffff]
[    0.000000] PM: Registered nosave memory: [mem 0x000a0000-0x000effff]
[    0.000000] PM: Registered nosave memory: [mem 0x000f0000-0x000fffff]
[    0.000000] e820: [mem 0x40000000-0xfebfffff] available for PCI devices
[    0.000000] Booting paravirtualized kernel on KVM
[    0.000000] clocksource: refined-jiffies: mask: 0xffffffff max_cycles: 0xffffffff, max_idle_ns: 7645519600211568 ns
[    0.000000] setup_percpu: NR_CPUS:512 nr_cpumask_bits:512 nr_cpu_ids:2 nr_node_ids:1
[    0.000000] PERCPU: Embedded 34 pages/cpu @ffff88003fc00000 s99544 r8192 d31528 u1048576
[    0.000000] PV qspinlock hash table entries: 256 (order: 0, 4096 bytes)
[    0.000000] Built 1 zonelists in Node order, mobility grouping on.  Total pages: 257912
[    0.000000] Policy zone: DMA32
[    0.000000] Kernel command line: BOOT_IMAGE=/boot/vmlinuz-4.4.0-124-generic root=UUID=bca2de6e-f774-4203-ae05-e8deeb05f64a ro console=tty1 console=ttyS0
[    0.000000] PID hash table entries: 4096 (order: 3, 32768 bytes)
[    0.000000] Memory: 997176K/1048120K available (8532K kernel code, 1313K rwdata, 3996K rodata, 1508K init, 1316K bss, 50944K reserved, 0K cma-reserved)
[    0.000000] SLUB: HWalign=64, Order=0-3, MinObjects=0, CPUs=2, Nodes=1
[    0.000000] Kernel/User page tables isolation: enabled
[    0.000000] Hierarchical RCU implementation.
[    0.000000] 	Build-time adjustment of leaf fanout to 64.
[    0.000000] 	RCU restricting CPUs from NR_CPUS=512 to nr_cpu_ids=2.
[    0.000000] RCU: Adjusting geometry for rcu_fanout_leaf=64, nr_cpu_ids=2
[    0.000000] NR_IRQS:33024 nr_irqs:440 16
[    0.000000] Console: colour VGA+ 80x25
[    0.000000] console [tty1] enabled
[    0.000000] console [ttyS0] enabled
[    0.000000] tsc: Detected 1895.697 MHz processor
[    5.859811] Calibrating delay loop (skipped) preset value.. 3791.39 BogoMIPS (lpj=7582788)
[    5.958706] pid_max: default: 32768 minimum: 301
[    6.016760] ACPI: Core revision 20150930
[    6.069915] ACPI: 2 ACPI AML tables successfully acquired and loaded
[    6.137826] Security Framework initialized
[    6.176375] Yama: becoming mindful.
[    6.210792] AppArmor: AppArmor initialized
[    6.248466] Dentry cache hash table entries: 131072 (order: 8, 1048576 bytes)
[    6.312220] Inode-cache hash table entries: 65536 (order: 7, 524288 bytes)
[    6.369217] Mount-cache hash table entries: 2048 (order: 2, 16384 bytes)
[    6.421090] Mountpoint-cache hash table entries: 2048 (order: 2, 16384 bytes)
[    6.477719] Initializing cgroup subsys io
[    6.515357] Initializing cgroup subsys memory
[    6.555556] Initializing cgroup subsys devices
[    6.600916] Initializing cgroup subsys freezer
[    6.642478] Initializing cgroup subsys net_cls
[    6.690418] Initializing cgroup subsys perf_event
[    6.732034] Initializing cgroup subsys net_prio
[    6.782072] Initializing cgroup subsys hugetlb
[    6.827396] Initializing cgroup subsys pids
[    6.869315] CPU: Physical Processor ID: 0
[    6.916885] CPU: Processor Core ID: 0
[    6.956360] FEATURE SPEC_CTRL Not Present
[    6.997876] mce: CPU supports 0 MCE banks
[    7.038472] Last level iTLB entries: 4KB 512, 2MB 8, 4MB 8
[    7.096280] Last level dTLB entries: 4KB 512, 2MB 32, 4MB 32, 1GB 0
[    7.169979] Spectre V2 mitigation: Mitigation: Full generic retpoline
[    7.241708] Spectre V2 mitigation: Speculation control IBPB not-supported IBRS not-supported
[    7.390033] Freeing SMP alternatives memory: 32K
[    7.739116] ftrace: allocating 32202 entries in 126 pages
[    9.002879] smpboot: APIC(0) Converting physical 0 to logical package 0
[    9.066978] smpboot: Max logical packages: 1
[    9.125214] x2apic enabled
[    9.169499] Switched APIC routing to physical x2apic.
[    9.261625] ..TIMER: vector=0x30 apic1=0 pin1=2 apic2=-1 pin2=-1
[    9.417686] smpboot: CPU0: Intel(R) Core(TM) i3-3227U CPU @ 1.90GHz (family: 0x6, model: 0x3a, stepping: 0x9)
[    9.537802] Performance Events: unsupported p6 CPU model 58 no PMU driver, software events only.
[    9.625888] KVM setup paravirtual spinlock
[    9.664766] x86: Booting SMP configuration:
[    9.703653] .... node  #0, CPUs:      #1
[    9.743308] kvm-clock: cpu 1, msr 0:3ffe3041, secondary cpu clock
[    9.791630] mce: CPU supports 0 MCE banks
[    9.817516] x86: Booted up 1 node, 2 CPUs
[    9.865865] smpboot: Total of 2 processors activated (7582.78 BogoMIPS)
[    9.928379] devtmpfs: initialized
[    9.968451] evm: security.selinux
[   10.002953] evm: security.SMACK64
[   10.038893] evm: security.SMACK64EXEC
[   10.075441] evm: security.SMACK64TRANSMUTE
[   10.117849] evm: security.SMACK64MMAP
[   10.164780] evm: security.ima
[   10.200782] evm: security.capability
[   10.240205] clocksource: jiffies: mask: 0xffffffff max_cycles: 0xffffffff, max_idle_ns: 7645041785100000 ns
[   10.336114] futex hash table entries: 512 (order: 3, 32768 bytes)
[   10.391038] pinctrl core: initialized pinctrl subsystem
[   10.437044] RTC time: 18:51:01, date: 06/01/18
[   10.480924] NET: Registered protocol family 16
[   10.538450] cpuidle: using governor ladder
[   10.596083] cpuidle: using governor menu
[   10.640256] PCCT header not found.
[   10.679667] ACPI: bus type PCI registered
[   10.719041] acpiphp: ACPI Hot Plug PCI Controller Driver version: 0.5
[   10.779645] PCI: Using configuration type 1 for base access
[   10.854665] ACPI: Added _OSI(Module Device)
[   10.894076] ACPI: Added _OSI(Processor Device)
[   10.937612] ACPI: Added _OSI(3.0 _SCP Extensions)
[   10.984561] ACPI: Added _OSI(Processor Aggregator Device)
[   11.048218] ACPI: Executed 1 blocks of module-level executable AML code
[   11.136357] ACPI: Interpreter enabled
[   11.177264] ACPI: (supports S0 S5)
[   11.220248] ACPI: Using IOAPIC for interrupt routing
[   11.272335] PCI: Using host bridge windows from ACPI; if necessary, use "pci=nocrs" and report a bug
[   11.414785] ACPI: PCI Root Bridge [PCI0] (domain 0000 [bus 00-ff])
[   11.474901] acpi PNP0A03:00: _OSC: OS supports [ASPM ClockPM Segments MSI]
[   11.544299] acpi PNP0A03:00: _OSC: not requesting OS control; OS requires [ExtendedConfig ASPM ClockPM MSI]
[   11.655710] acpi PNP0A03:00: fail to add MMCONFIG information, can't access extended PCI configuration space under this bridge.
[   11.795476] PCI host bridge to bus 0000:00
[   11.846876] pci_bus 0000:00: root bus resource [io  0x0000-0x0cf7 window]
[   11.919182] pci_bus 0000:00: root bus resource [io  0x0d00-0xffff window]
[   11.983560] pci_bus 0000:00: root bus resource [mem 0x000a0000-0x000bffff window]
[   12.067464] pci_bus 0000:00: root bus resource [mem 0x40000000-0xfdffffff window]
[   12.144361] pci_bus 0000:00: root bus resource [bus 00-ff]
[   12.304347] pci 0000:00:01.1: legacy IDE quirk: reg 0x10: [io  0x01f0-0x01f7]
[   12.366864] pci 0000:00:01.1: legacy IDE quirk: reg 0x14: [io  0x03f6]
[   12.437432] pci 0000:00:01.1: legacy IDE quirk: reg 0x18: [io  0x0170-0x0177]
[   12.893452] pci 0000:00:01.1: legacy IDE quirk: reg 0x1c: [io  0x0376]
[   13.184286] pci 0000:00:07.0: quirk: [io  0x4000-0x403f] claimed by PIIX4 ACPI
[   13.256115] pci 0000:00:07.0: quirk: [io  0x4100-0x410f] claimed by PIIX4 SMB
[   13.395898] ACPI: PCI Interrupt Link [LNKA] (IRQs 5 9 10 *11)
[   13.474060] ACPI: PCI Interrupt Link [LNKB] (IRQs 5 9 *10 11)
[   13.553944] ACPI: PCI Interrupt Link [LNKC] (IRQs 5 *9 10 11)
[   13.636996] ACPI: PCI Interrupt Link [LNKD] (IRQs 5 9 10 *11)
[   13.712647] ACPI: Enabled 2 GPEs in block 00 to 07
[   13.766665] vgaarb: setting as boot device: PCI:0000:00:02.0
[   13.815733] vgaarb: device added: PCI:0000:00:02.0,decodes=io+mem,owns=io+mem,locks=none
[   13.886039] vgaarb: loaded
[   13.914676] vgaarb: bridge control possible 0000:00:02.0
[   13.964006] SCSI subsystem initialized
[   14.003773] ACPI: bus type USB registered
[   14.052959] usbcore: registered new interface driver usbfs
[   14.110173] usbcore: registered new interface driver hub
[   14.156066] usbcore: registered new device driver usb
[   14.209127] PCI: Using ACPI for IRQ routing
[   14.260141] NetLabel: Initializing
[   14.293435] NetLabel:  domain hash size = 128
[   14.334605] NetLabel:  protocols = UNLABELED CIPSOv4
[   14.380620] NetLabel:  unlabeled traffic allowed by default
[   14.428069] amd_nb: Cannot enumerate AMD northbridges
[   14.475517] clocksource: Switched to clocksource kvm-clock
[   14.551847] AppArmor: AppArmor Filesystem Enabled
[   14.595683] pnp: PnP ACPI init
[   14.647056] pnp: PnP ACPI: found 3 devices
[   14.694928] clocksource: acpi_pm: mask: 0xffffff max_cycles: 0xffffff, max_idle_ns: 2085701024 ns
[   14.770721] NET: Registered protocol family 2
[   14.810469] TCP established hash table entries: 8192 (order: 4, 65536 bytes)
[   14.865117] TCP bind hash table entries: 8192 (order: 5, 131072 bytes)
[   14.916513] TCP: Hash tables configured (established 8192 bind 8192)
[   14.968366] UDP hash table entries: 512 (order: 2, 16384 bytes)
[   15.018776] UDP-Lite hash table entries: 512 (order: 2, 16384 bytes)
[   15.069768] NET: Registered protocol family 1
[   15.112449] pci 0000:00:00.0: Limiting direct PCI/PCI transfers
[   15.176910] pci 0000:00:01.0: Activating ISA DMA hang workarounds
[   15.239450] Unpacking initramfs...
[   16.150912] Freeing initrd memory: 15348K
[   16.190379] RAPL PMU detected, API unit is 2^-32 Joules, 3 fixed counters 10737418240 ms ovfl timer
[   16.279391] hw unit of domain pp0-core 2^-0 Joules
[   16.331752] hw unit of domain package 2^-0 Joules
[   16.379572] hw unit of domain pp1-gpu 2^-0 Joules
[   16.425742] platform rtc_cmos: registered platform RTC device (no PNP device found)
[   16.500793] Scanning for low memory corruption every 60 seconds
[   16.550733] audit: initializing netlink subsys (disabled)
[   16.600055] audit: type=2000 audit(1527879079.457:1): initialized
[   16.652362] Initialise system trusted keyring
[   16.696318] HugeTLB registered 2 MB page size, pre-allocated 0 pages
[   16.755986] zbud: loaded
[   16.789397] VFS: Disk quotas dquot_6.6.0
[   16.828848] VFS: Dquot-cache hash table entries: 512 (order 0, 4096 bytes)
[   16.888445] squashfs: version 4.0 (2009/01/31) Phillip Lougher
[   16.938098] fuse init (API version 7.23)
[   16.974622] Key type big_key registered
[   17.011350] Allocating IMA MOK and blacklist keyrings.
[   17.076653] Key type asymmetric registered
[   17.116740] Asymmetric key parser 'x509' registered
[   17.161965] Block layer SCSI generic (bsg) driver version 0.4 loaded (major 249)
[   17.232852] io scheduler noop registered
[   17.269909] io scheduler deadline registered (default)
[   17.316400] io scheduler cfq registered
[   17.355065] pci_hotplug: PCI Hot Plug PCI Core version: 0.5
[   17.412106] pciehp: PCI Express Hot Plug Controller Driver version: 0.4
[   17.477110] ACPI: AC Adapter [AC] (on-line)
[   17.517157] input: Power Button as /devices/LNXSYSTM:00/LNXPWRBN:00/input/input0
[   17.586099] ACPI: Power Button [PWRF]
[   17.622657] input: Sleep Button as /devices/LNXSYSTM:00/LNXSLPBN:00/input/input1
[   17.688601] ACPI: Sleep Button [SLPF]
[   17.726016] GHES: HEST is not enabled!
[   17.740241] ACPI: Battery Slot [BAT0] (battery present)
[   17.812268] Serial: 8250/16550 driver, 32 ports, IRQ sharing enabled
[   18.015604] 00:02: ttyS0 at I/O 0x3f8 (irq = 4, base_baud = 115200) is a 16550A
[   18.087306] Linux agpgart interface v0.103
[   18.148542] loop: module loaded
[   18.194040] scsi host0: ata_piix
[   18.231697] scsi host1: ata_piix
[   18.271347] ata1: PATA max UDMA/33 cmd 0x1f0 ctl 0x3f6 bmdma 0xd000 irq 14
[   18.325945] ata2: PATA max UDMA/33 cmd 0x170 ctl 0x376 bmdma 0xd008 irq 15
[   18.380450] libphy: Fixed MDIO Bus: probed
[   18.419032] tun: Universal TUN/TAP device driver, 1.6
[   18.463178] tun: (C) 1999-2004 Max Krasnyansky <maxk@qualcomm.com>
[   18.518723] PPP generic driver version 2.4.2
[   18.574189] ehci_hcd: USB 2.0 'Enhanced' Host Controller (EHCI) Driver
[   18.636989] ehci-pci: EHCI PCI platform driver
[   18.675861] ehci-platform: EHCI generic platform driver
[   18.719741] ohci_hcd: USB 1.1 'Open' Host Controller (OHCI) Driver
[   18.769032] ohci-pci: OHCI PCI platform driver
[   18.807283] ohci-platform: OHCI generic platform driver
[   18.851218] uhci_hcd: USB Universal Host Controller Interface driver
[   18.903238] i8042: PNP: PS/2 Controller [PNP0303:PS2K,PNP0f03:PS2M] at 0x60,0x64 irq 1,12
[   18.986987] serio: i8042 KBD port at 0x60,0x64 irq 1
[   19.030993] serio: i8042 AUX port at 0x60,0x64 irq 12
[   19.076284] mousedev: PS/2 mouse device common for all mice
[   19.138045] rtc_cmos rtc_cmos: rtc core: registered rtc_cmos as rtc0
[   19.196664] rtc_cmos rtc_cmos: alarms up to one day, 114 bytes nvram
[   19.247583] input: AT Translated Set 2 keyboard as /devices/platform/i8042/serio0/input/input2
[   19.322429] i2c /dev entries driver
[   19.356288] device-mapper: uevent: version 1.0.3
[   19.397399] device-mapper: ioctl: 4.34.0-ioctl (2015-10-28) initialised: dm-devel@redhat.com
[   19.471395] ledtrig-cpu: registered to indicate activity on CPUs
[   19.526845] NET: Registered protocol family 10
[   19.569935] NET: Registered protocol family 17
[   19.613482] Key type dns_resolver registered
[   19.661035] registered taskstats version 1
[   19.711822] Loading compiled-in X.509 certificates
[   19.766164] Loaded X.509 cert 'Build time autogenerated kernel key: 97a7db5071cab428e7f67f96f51ed8d32b3fc527'
[   19.850706] zswap: loaded using pool lzo/zbud
[   19.899207] Key type trusted registered
[   19.956230] Key type encrypted registered
[   19.994687] AppArmor: AppArmor sha1 policy hashing enabled
[   20.044243] ima: No TPM chip found, activating TPM-bypass!
[   20.092234] evm: HMAC attrs: 0x1
[   20.134479]   Magic number: 6:323:897
[   20.171330] rtc_cmos rtc_cmos: setting system clock to 2018-06-01 18:51:11 UTC (1527879071)
[   20.247037] BIOS EDD facility v0.16 2004-Jun-25, 0 devices found
[   20.299328] EDD information not available.
[   20.353708] Freeing unused kernel memory: 1508K
[   20.393131] Write protecting the kernel read-only data: 14336k
[   20.447340] Freeing unused kernel memory: 1696K
[   20.490396] Freeing unused kernel memory: 100K
Loading, please wait...
starting version[   20.618604] random: udevadm: uninitialized urandom read (16 bytes read, 6 bits of entropy available)
 229
[   20.623070] random: systemd-udevd: uninitialized urandom read (16 bytes read, 6 bits of entropy available)
[   20.623230] random: systemd-udevd: uninitialized urandom read (16 bytes read, 6 bits of entropy available)
[   20.623253] random: systemd-udevd: uninitialized urandom read (16 bytes read, 6 bits of entropy available)
[   20.623279] random: systemd-udevd: uninitialized urandom read (16 bytes read, 6 bits of entropy available)
[   21.055084] random: udevadm: uninitialized urandom read (16 bytes read, 6 bits of entropy available)
[   21.161373] random: systemd-udevd: uninitialized urandom read (16 bytes read, 6 bits of entropy available)
[   21.174744] random: udevadm: uninitialized urandom read (16 bytes read, 6 bits of entropy available)
[   21.174829] random: udevadm: uninitialized urandom read (16 bytes read, 6 bits of entropy available)
[   21.175354] random: udevadm: uninitialized urandom read (16 bytes read, 6 bits of entropy available)
[   21.665549] e1000: Intel(R) PRO/1000 Network Driver - version 7.3.21-k8-NAPI
[   21.729995] e1000: Copyright (c) 1999-2006 Intel Corporation.
[   21.786492] Fusion MPT base driver 3.04.20
[   21.827280] Copyright (c) 1999-2008 LSI Corporation
[   22.037810] Fusion MPT SPI Host driver 3.04.20
[   22.212979] input: ImExPS/2 Generic Explorer Mouse as /devices/platform/i8042/serio1/input/input4
[   25.746905] e1000 0000:00:03.0 eth0: (PCI:33MHz:32-bit) 02:d9:fe:34:b4:72
[   25.801147] e1000 0000:00:03.0 eth0: Intel(R) PRO/1000 Network Connection
[   25.866860] mptbase: ioc0: Initiating bringup
[   25.872992] e1000 0000:00:03.0 enp0s3: renamed from eth0
[   26.047016] ioc0: LSI53C1030 A0: Capabilities={Initiator}
[   27.058268] scsi host2: ioc0: LSI53C1030 A0, FwRev=00000000h, Ports=1, MaxQ=256, IRQ=20
[   27.737001] scsi 2:0:0:0: Direct-Access     VBOX     HARDDISK         1.0  PQ: 0 ANSI: 5
[   27.825756] scsi target2:0:0: Beginning Domain Validation
[   27.904198] scsi target2:0:0: Domain Validation skipping write tests
[   27.965815] scsi target2:0:0: Ending Domain Validation
[   28.014139] scsi target2:0:0: asynchronous
[   28.059577] scsi 2:0:1:0: Direct-Access     VBOX     HARDDISK         1.0  PQ: 0 ANSI: 5
[   28.129732] scsi target2:0:1: Beginning Domain Validation
[   28.197398] scsi target2:0:1: Domain Validation skipping write tests
[   28.249314] scsi target2:0:1: Ending Domain Validation
[   28.705827] scsi target2:0:1: asynchronous
[   28.856144] sd 2:0:0:0: Attached scsi generic sg0 type 0
[   28.923119] sd 2:0:0:0: [sda] 20971520 512-byte logical blocks: (10.7 GB/10.0 GiB)
[   29.006595] sd 2:0:0:0: [sda] Write Protect is off
[   29.060140] sd 2:0:1:0: [sdb] 20480 512-byte logical blocks: (10.5 MB/10.0 MiB)
[   29.060374] sd 2:0:0:0: [sda] Incomplete mode parameter data
[   29.060376] sd 2:0:0:0: [sda] Assuming drive cache: write through
[   29.061156] sd 2:0:1:0: Attached scsi generic sg1 type 0
[   29.167432]  sda: sda1
[   29.181027] sd 2:0:0:0: [sda] Attached SCSI disk
[   29.415960] sd 2:0:1:0: [sdb] Write Protect is off
[   29.468803] sd 2:0:1:0: [sdb] Incomplete mode parameter data
[   29.518589] sd 2:0:1:0: [sdb] Assuming drive cache: write through
[   29.646022] sd 2:0:1:0: [sdb] Attached SCSI disk
Begin: Loading essential drivers ... [   42.888593] md: linear personality registered for level -1
[   42.951149] md: multipath personality registered for level -4
[   43.020166] md: raid0 personality registered for level 0
[   43.087522] md: raid1 personality registered for level 1
[   43.236445] raid6: sse2x1   gen()  2292 MB/s
[   43.340263] raid6: sse2x1   xor()  1738 MB/s
[   43.448284] raid6: sse2x2   gen()  3184 MB/s
[   43.556219] raid6: sse2x2   xor()  2178 MB/s
[   43.671985] raid6: sse2x4   gen()  2232 MB/s
[   43.784032] raid6: sse2x4   xor()  2215 MB/s
[   43.832215] raid6: using algorithm sse2x2 gen() 3184 MB/s
[   43.886521] raid6: .... xor() 2178 MB/s, rmw enabled
[   43.937982] raid6: using ssse3x2 recovery algorithm
[   43.992028] xor: automatically using best checksumming function:
[   44.080443]    avx       :  5551.000 MB/sec
[   44.131580] async_tx: api initialized (async)
[   44.221205] md: raid6 personality registered for level 6
[   44.269273] md: raid5 personality registered for level 5
[   44.317770] md: raid4 personality registered for level 4
[   44.397067] md: raid10 personality registered for level 10
done.
Begin: Running /scripts/init-premount ... done.
Begin: Mounting root file system ... Begin: Running /scripts/local-top ... done.
Begin: Running /scripts/local-premount ... [   44.713303] Btrfs loaded
Scanning for Btrfs filesystems
done.
Warning: fsck not present, so skipping root file system
[   45.120748] EXT4-fs (sda1): mounted filesystem with ordered data mode. Opts: (null)
done.
Begin: Running /scripts/local-bottom ... done.
Begin: Running /scripts/init-bottom ... done.
[   45.580880] random: nonblocking pool is initialized
[   46.608556] systemd[1]: systemd 229 running in system mode. (+PAM +AUDIT +SELINUX +IMA +APPARMOR +SMACK +SYSVINIT +UTMP +LIBCRYPTSETUP +GCRYPT +GNUTLS +ACL +XZ -LZ4 +SECCOMP +BLKID +ELFUTILS +KMOD -IDN)
[   46.759596] systemd[1]: Detected virtualization oracle.
[   46.807161] systemd[1]: Detected architecture x86-64.

Welcome to [1mUbuntu 16.04.4 LTS[0m!

[   46.941765] systemd[1]: Set hostname to <ubuntu-xenial>.
[   48.474501] systemd[1]: Created slice System Slice.
[[0;32m  OK  [0m] Created slice System Slice.
[   48.558000] systemd[1]: Reached target User and Group Name Lookups.
[[0;32m  OK  [0m] Reached target User and Group Name Lookups.
[   48.664951] systemd[1]: Listening on Syslog Socket.
[[0;32m  OK  [0m] Listening on Syslog Socket.
[   48.758513] systemd[1]: Reached target Swap.
[[0;32m  OK  [0m] Reached target Swap.
[   48.854125] systemd[1]: Listening on LVM2 poll daemon socket.
[[0;32m  OK  [0m] Listening on LVM2 poll daemon socket.
[   48.949392] systemd[1]: Listening on LVM2 metadata daemon socket.
[[0;32m  OK  [0m] Listening on LVM2 metadata daemon socket.
[   49.048562] systemd[1]: Created slice system-serial\x2dgetty.slice.
[[0;32m  OK  [0m] Created slice system-serial\x2dgetty.slice.
[   49.147440] systemd[1]: Listening on Journal Audit Socket.
[[0;32m  OK  [0m] Listening on Journal Audit Socket.
[   49.249330] systemd[1]: Reached target Encrypted Volumes.
[[0;32m  OK  [0m] Reached target Encrypted Volumes.
[   49.362237] systemd[1]: Started Forward Password Requests to Wall Directory Watch.
[[0;32m  OK  [0m] Started Forward Password Requests to Wall Directory Watch.
[   49.499689] systemd[1]: Listening on udev Control Socket.
[[0;32m  OK  [0m] Listening on udev Control Socket.
[   49.601424] systemd[1]: Listening on /dev/initctl Compatibility Named Pipe.
[[0;32m  OK  [0m] Listening on /dev/initctl Compatibility Named Pipe.
[   49.707553] systemd[1]: Created slice User and Session Slice.
[[0;32m  OK  [0m] Created slice User and Session Slice.
[   49.813248] systemd[1]: Reached target Slices.
[[0;32m  OK  [0m] Reached target Slices.
[   49.904156] systemd[1]: Listening on Journal Socket.
[[0;32m  OK  [0m] Listening on Journal Socket.
[   50.008216] systemd[1]: Starting Create list of required static device nodes for the current kernel...
         Starting Create list of required st... nodes for the current kernel...
[   50.143484] systemd[1]: Mounting Huge Pages File System...
         Mounting Huge Pages File System...
[   50.242098] systemd[1]: Starting Uncomplicated firewall...
         Starting Uncomplicated firewall...
[   50.352930] systemd[1]: Starting Set console keymap...
         Starting Set console keymap...
[   50.472895] systemd[1]: Starting Nameserver information manager...
         Starting Nameserver information manager...
[   50.677397] systemd[1]: Starting Load Kernel Modules...
         Starting Load Kernel Modules...
[   50.787502] systemd[1]: Mounting Debug File System...
         Mounting Debug File System...
[   50.879799] Loading iSCSI transport class v2.0-870.
[   50.936473] systemd[1]: Mounting POSIX Message Queue File System...
         Mounting POSIX Message Queue File System...
[   51.065572] systemd[1]: Started Trigger resolvconf update for networkd DNS.
[   51.132501] iscsi: registered transport (tcp)
[[0;32m  OK  [0m] Started Trigger resolvconf update for networkd DNS.
[   51.248538] systemd[1]: Starting Remount Root and Kernel File Systems...
         Starting Remount Root and Kernel File Systems...
[   51.365621] EXT4-fs (sda1): re-mounted. Opts: (null)
[   51.367189] systemd[1]: Reached target System Time Synchronized.
[[0;32m  OK  [0m] Reached target System Time Synchronized.
[   51.529734] systemd[1]: Listening on udev Kernel Socket.
[[0;32m  OK  [0m] Listening on udev Kernel Socket.
[   51.657857] systemd[1]: Set up automount Arbitrary Executable File Formats File System Automount Point.
[[0;32m  OK  [0m] Set up automount Arbitrary Executab...ats File System Automount Point.
[   51.929929] systemd[1]: Listening on Device-mapper event daemon FIFOs.
[   51.995000] iscsi: registered transport (iser)
[[0;32m  OK  [0m] Listening on Device-mapper event daemon FIFOs.
[   52.089017] systemd[1]: Starting Monitoring of LVM2 mirrors, snapshots etc. using dmeventd or progress polling...
         Starting Monitoring of LVM2 mirrors... dmeventd or progress polling...
[   52.240884] systemd[1]: Listening on Journal Socket (/dev/log).
[[0;32m  OK  [0m] Listening on Journal Socket (/dev/log).
[   52.360217] systemd[1]: Starting Journal Service...
         Starting Journal Service...
[   52.447463] systemd[1]: Mounted POSIX Message Queue File System.
[[0;32m  OK  [0m] Mounted POSIX Message Queue File System.
[   52.584545] systemd[1]: Mounted Debug File System.
[[0;32m  OK  [0m] Mounted Debug File System.
[   52.697858] systemd[1]: Mounted Huge Pages File System.
[[0;32m  OK  [0m] Mounted Huge Pages File System.
[   52.805045] systemd[1]: Started Journal Service.
[[0;32m  OK  [0m] Started Journal Service.
[[0;32m  OK  [0m] Started Create list of required sta...ce nodes for the current kernel.
[[0;32m  OK  [0m] Started Uncomplicated firewall.
[[0;32m  OK  [0m] Started Set console keymap.
[[0;32m  OK  [0m] Started Load Kernel Modules.
[[0;32m  OK  [0m] Started Remount Root and Kernel File Systems.
[[0;32m  OK  [0m] Started Nameserver information manager.
[[0;32m  OK  [0m] Started LVM2 metadata daemon.
         Starting Initial cloud-init job (pre-networking)...
         Starting udev Coldplug all Devices...
         Starting Load/Save Random Seed...
         Starting Apply Kernel Variables...
         Mounting FUSE Control File System...
         Starting Create Static Device Nodes in /dev...
         Starting Flush Journal to Persistent Storage...
[[0;32m  OK  [0m] Mounted FUSE Control File System.
[[0;32m  OK  [0m] Started Load/Save Random Seed.
[[0;32m  OK  [0m] Started Apply Kernel Variables.
[[0;32m  OK  [0m] Started Create Static Device Nodes in /dev.
[[0;32m  OK  [0m] Started Monitoring of LVM2 mirrors,...ng dmeventd or progress polling.
[[0;32m  OK  [0m] Started udev Coldplug all Devices.
[[0;32m  OK  [0m] Started Flush Journal to Persistent Storage.
         Starting udev Kernel Device Manager...
[[0;32m  OK  [0m] Started udev Kernel Device Manager.
[[0;32m  OK  [0m] Reached target Local File Systems (Pre).
[[0;32m  OK  [0m] Reached target Local File Systems.
         Starting Set console font and keymap...
         Starting Create Volatile Files and Directories...
         Starting LSB: AppArmor initialization...
         Starting Tell Plymouth To Write Out Runtime Data...
[[0;32m  OK  [0m] Started Dispatch Password Requests to Console Directory Watch.
[[0;32m  OK  [0m] Started Tell Plymouth To Write Out Runtime Data.
[[0;32m  OK  [0m] Started Create Volatile Files and Directories.
         Starting Update UTMP about System Boot/Shutdown...
[[0;32m  OK  [0m] Started Update UTMP about System Boot/Shutdown.
[[0;32m  OK  [0m] Found device /dev/ttyS0.
[[0;32m  OK  [0m] Started LSB: AppArmor initialization.
[   52.438333] cloud-init[417]: Cloud-init v. 17.2 running 'init-local' at Fri, 01 Jun 2018 18:51:54 +0000. Up 50.31 seconds.
[[0;32m  OK  [0m] Started Initial cloud-init job (pre-networking).
[[0;32m  OK  [0m] Listening on Load/Save RF Kill Switch Status /dev/rfkill Watch.
[[0;32m  OK  [0m] Reached target Network (Pre).
[[0;32m  OK  [0m] Started ifup for enp0s3.
         Starting Raise network interfaces...
[[0m[0;31m*     [0m] (1 of 2) A start job is running for...work interfaces (44s / 5min 37s)[K[[0;32m  OK  [0m] Started Set console font and keymap.
[[0;32m  OK  [0m] Created slice system-getty.slice.
[[0;32m  OK  [0m] Started Raise network interfaces.
         Starting Initial cloud-init job (metadata service crawler)...
[[0;32m  OK  [0m] Reached target Network.
[   88.232462] cloud-init[949]: Cloud-init v. 17.2 running 'init' at Fri, 01 Jun 2018 18:52:28 +0000. Up 84.66 seconds.
[   88.320420] cloud-init[949]: ci-info: +++++++++++++++++++++++++++++++++++++Net device info++++++++++++++++++++++++++++++++++++++
[   88.438958] cloud-init[949]: ci-info: +--------+------+----------------------------+---------------+-------+-------------------+[[0;32m  OK  [0m] Started Initial cloud-init job (metadata service crawler).
[[0;32m  OK  [0m] Reached target System Initialization.
[[0;32m  OK  [0m] Started Daily Cleanup of Temporary Directories.

[   88.659603] cloud-init[949]: ci-info: | Device |  Up  |          Address           |      Mask     | Scope |     Hw-Address    |
[[0;32m  OK  [0m] Started Timer to automatically refresh installed snaps.[   88.739312] cloud-init[949]: ci-info: +--------+------+----------------------------+---------------+-------+-------------------+
[   88.805356] cloud-init[949]: ci-info: | enp0s3 | True |         10.0.2.15          | 255.255.255.0 |   .   | 02:d9:fe:34:b4:72 |
[   88.870301] cloud-init[949]: ci-info: | enp0s3 | True | fe80::d9:feff:fe34:b472/64 |       .       |  link | 02:d9:fe:34:b4:72 |
[   88.901336] cloud-init[949]: ci-info: |   lo   | True |         127.0.0.1          |   255.0.0.0   |   .   |         .         |
[   88.963517] cloud-init[949]: ci-info: |   lo   | True |          ::1/128           |       .       |  host |         .         |
[   88.987638] cloud-init[949]: ci-info: +--------+------+----------------------------+---------------+-------+-------------------+
[   89.015078] cloud-init[949]: ci-info: +++++++++++++++++++++++++++Route IPv4 info++++++++++++++++++++++++++++
[   89.022057] cloud-init[949]: ci-info: +-------+-------------+----------+---------------+-----------+-------+
[   89.092926] cloud-init[949]: ci-info: | Route | Destination | Gateway  |    Genmask    | Interface | Flags |
[   89.219800] cloud-init[949]: ci-info: +-------+-------------+----------+---------------+-----------+-------+
[   89.303259] cloud-init[949]: ci-info: |   0   |   0.0.0.0   | 10.0.2.2 |    0.0.0.0    |   enp0s3  |   UG  |
[   89.368767] cloud-init[949]: ci-info: |   1   |   10.0.2.0  | 0.0.0.0  | 255.255.255.0 |   enp0s3  |   U   |
[   89.368876] cloud-init[949]: ci-info: +-------+-------------+----------+---------------+-----------+-------+

[[0;32m  OK  [0m] Listening on D-Bus System Message Bus Socket.
[[0;32m  OK  [0m] Started Daily apt download activities.
[[0;32m  OK  [0m] Started Daily apt upgrade and clean activities.
[[0;32m  OK  [0m] Reached target Timers.
[[0;32m  OK  [0m] Listening on ACPID Listen Socket.
[[0;32m  OK  [0m] Started ACPI Events Check.
[[0;32m  OK  [0m] Reached target Paths.
         Starting Socket activation for snappy daemon.
[[0;32m  OK  [0m] Listening on UUID daemon activation socket.
         Starting LXD - unix socket.
[[0;32m  OK  [0m] Reached target Network is Online.
         Starting iSCSI initiator daemon (iscsid)...
[[0;32m  OK  [0m] Reached target Cloud-config availability.
[[0;32m  OK  [0m] Listening on Socket activation for snappy daemon.
[[0;32m  OK  [0m] Listening on LXD - unix socket.
[[0;32m  OK  [0m] Started iSCSI initiator daemon (iscsid).
         Starting Login to default iSCSI targets...
[[0;32m  OK  [0m] Reached target Sockets.
[[0;32m  OK  [0m] Reached target Basic System.
[[0;32m  OK  [0m] Started FUSE filesystem for LXC.
         Starting /etc/rc.local Compatibility...
         Starting LSB: MD monitoring daemon...
[[0;32m  OK  [0m] Started D-Bus System Message Bus.
         Starting System Logging Service...
         Starting Virtualbox guest utils...
         Starting MySQL Community Server...
         Starting LXD - container startup/shutdown...
[[0;32m  OK  [0m] Started Deferred execution scheduler.
         Starting LSB: Record successful boot for GRUB...
         Starting Accounts Service...
         Starting Apply the settings specified in cloud-config...
[[0;32m  OK  [0m] Started Unattended Upgrades Shutdown.
[[0;32m  OK  [0m] Started ACPI event daemon.
[[0;32m  OK  [0m] Started Regular background program processing daemon.
         Starting OpenBSD Secure Shell server...
         Starting Login Service...
         Starting Snappy daemon...
[[0;32m  OK  [0m] Started System Logging Service.
[[0;32m  OK  [0m] Started /etc/rc.local Compatibility.
[[0;32m  OK  [0m] Started OpenBSD Secure Shell server.
[[0;32m  OK  [0m] Started Login to default iSCSI targets.
[[0;32m  OK  [0m] Started LSB: MD monitoring daemon.
[[0;32m  OK  [0m] Started LSB: Record successful boot for GRUB.
[[0;32m  OK  [0m] Started Login Service.
         Starting Authenticate and Authorize Users to Run Privileged Tasks...
[[0;32m  OK  [0m] Reached target Remote File Systems (Pre).
[[0;32m  OK  [0m] Reached target Remote File Systems.
         Starting Permit User Sessions...
         Starting LSB: daemon to balance interrupts for SMP systems...
         Starting LSB: automatic crash report generation...
         Starting LSB: Set the CPU Frequency Scaling governor to "ondemand"...
         Starting LSB: Apache2 web server...
[[0;32m  OK  [0m] Started Virtualbox guest utils.
[[0;32m  OK  [0m] Started Permit User Sessions.
[[0;32m  OK  [0m] Started Authenticate and Authorize Users to Run Privileged Tasks.
[[0;32m  OK  [0m] Started LXD - container startup/shutdown.
[[0;32m  OK  [0m] Started Accounts Service.
[[0;32m  OK  [0m] Created slice User Slice of vagrant.
         Starting User Manager for UID 1000...
[[0;32m  OK  [0m] Started Session 1 of user vagrant.
         Starting Terminate Plymouth Boot Screen...
         Starting Hold until boot process finishes up...
[[0;32m  OK  [0m] Started Snappy daemon.
[[0;32m  OK  [0m] Started User Manager for UID 1000.
[[0;32m  OK  [0m] Started LSB: daemon to balance interrupts for SMP systems.
[[0;32m  OK  [0m] Started LSB: automatic crash report generation.
[[0;32m  OK  [0m] Started LSB: Set the CPU Frequency Scaling governor to "ondemand".
[[0;32m  OK  [0m] Started Terminate Plymouth Boot Screen.
[[0;32m  OK  [0m] Started Hold until boot process finishes up.
[[0;32m  OK  [0m] Started Getty on tty1.
         Starting Set console scheme...
[[0;32m  OK  [0m] Started Serial Getty on ttyS0.
[[0;32m  OK  [0m] Reached target Login Prompts.
[[0;32m  OK  [0m] Started Set console scheme.
[[0;32m  OK  [0m] Started LSB: Apache2 web server.
[  100.073308] cloud-init[1060]: Cloud-init v. 17.2 running 'modules:config' at Fri, 01 Jun 2018 18:52:41 +0000. Up 97.58 seconds.
[[0;32m  OK  [0m] Started Apply the settings specified in cloud-config.

Ubuntu 16.04.4 LTS ubuntu-xenial ttyS0

ubuntu-xenial login: [  108.720846] cloud-init[1458]: Cloud-init v. 17.2 running 'modules:final' at Fri, 01 Jun 2018 18:52:51 +0000. Up 107.81 seconds.
[  108.721808] cloud-init[1458]: Cloud-init v. 17.2 finished at Fri, 01 Jun 2018 18:52:52 +0000. Datasource DataSourceNoCloud [seed=/dev/sdb][dsmode=net].  Up 108.69 seconds
[[0;32m  OK  [0m] Started ACPI event daemon.
[[0;32m  OK  [0m] Started ACPI event daemon.
[[0;32m  OK  [0m] Closed Unix socket for apport crash forwarding.
[[0;32m  OK  [0m] Started ACPI event daemon.
         Stopping LSB: automatic crash report generation...
[[0;32m  OK  [0m] Stopped LSB: automatic crash report generation.
[[0;32m  OK  [0m] Started ACPI event daemon.
[[0;32m  OK  [0m] Started ACPI event daemon.
[[0;32m  OK  [0m] Started ACPI event daemon.
[[0;32m  OK  [0m] Started ACPI event daemon.
[[0;32m  OK  [0m] Started ACPI event daemon.
[[0;32m  OK  [0m] Started ACPI event daemon.
         Starting LSB: automatic crash report generation...
[[0;32m  OK  [0m] Started LSB: automatic crash report generation.
[[0;32m  OK  [0m] Started ACPI event daemon.
[[0;32m  OK  [0m] Started Daily apt upgrade and clean activities.
